2026-04-27 01:39:25,901 - freqtrade.loggers - INFO - Enabling colorized output.
2026-04-27 01:39:25,903 - freqtrade.loggers - INFO - Logfile configured
2026-04-27 01:39:25,905 - freqtrade.loggers - INFO - Verbosity set to 0
2026-04-27 01:39:25,907 - freqtrade.configuration.configuration - INFO - Runmode set to dry_run.
2026-04-27 01:39:25,909 - freqtrade.configuration.configuration - INFO - Using additional Strategy lookup path: /freqtrade/user_data_mount/user_data/strategies
2026-04-27 01:39:25,911 - freqtrade.configuration.configuration - INFO - Parameter --db-url detected ...
2026-04-27 01:39:25,912 - freqtrade.configuration.configuration - INFO - Dry run is enabled
2026-04-27 01:39:25,913 - freqtrade.configuration.configuration - INFO - Using DB: "sqlite:////freqtrade/user_data_mount/user_data/tradesv3.sqlite"
2026-04-27 01:39:25,915 - freqtrade.configuration.configuration - INFO - Using max_open_trades: 1 ...
2026-04-27 01:39:26,051 - freqtrade.configuration.configuration - INFO - Using user-data directory: /freqtrade/user_data ...
2026-04-27 01:39:26,055 - freqtrade.configuration.configuration - INFO - Using data directory: /freqtrade/user_data_mount/user_data/data ...
2026-04-27 01:39:26,058 - freqtrade.exchange.check_exchange - INFO - Checking exchange...
2026-04-27 01:39:26,070 - freqtrade.exchange.check_exchange - INFO - Exchange "bybit" is officially supported by the Freqtrade development team.
2026-04-27 01:39:26,072 - freqtrade.configuration.configuration - INFO - Using pairlist from configuration.
2026-04-27 01:39:26,075 - freqtrade.exchange.exchange - INFO - Instance is running with dry_run enabled
2026-04-27 01:39:26,076 - freqtrade.exchange.exchange - INFO - Using CCXT 4.5.44
2026-04-27 01:39:26,077 - freqtrade.exchange.exchange - INFO - Applying additional ccxt config: {'options': {'defaultType': 'swap', 'defaultSettle': 'USDT'}}
2026-04-27 01:39:26,092 - freqtrade.exchange.exchange - INFO - Applying additional ccxt config: {'options': {'defaultType': 'swap', 'defaultSettle': 'USDT'}}
2026-04-27 01:39:26,103 - freqtrade.exchange.exchange - INFO - Applying additional ccxt config: {'options': {'defaultType': 'swap', 'defaultSettle': 'USDT'}}
2026-04-27 01:39:26,115 - freqtrade.exchange.exchange - INFO - Using Exchange "Bybit"
2026-04-27 01:39:41,755 - freqtrade.misc - INFO - dumping json to "/freqtrade/user_data_mount/user_data/data/futures/leverage_tiers_USDT.json"
2026-04-27 01:39:41,852 - freqtrade.resolvers.exchange_resolver - INFO - Using resolved exchange 'Bybit'...
2026-04-27 01:39:41,885 - freqtrade.resolvers.iresolver - INFO - Using resolved strategy MultiFilterStrategy from '/freqtrade/user_data_mount/user_data/strategies/MultiFilterStrategy.py'...
2026-04-27 01:39:41,886 - freqtrade.strategy.hyper - INFO - Found no parameter file.
2026-04-27 01:39:41,887 - freqtrade.resolvers.strategy_resolver - INFO - Override strategy 'stake_currency' with value from the configuration: USDT.
2026-04-27 01:39:41,887 - freqtrade.resolvers.strategy_resolver - INFO - Override strategy 'stake_amount' with value from the configuration: unlimited.
2026-04-27 01:39:41,888 - freqtrade.resolvers.strategy_resolver - INFO - Override strategy 'unfilledtimeout' with value from the configuration: {'entry': 10, 'exit': 10, 'exit_timeout_count': 0, 'unit': 'minutes'}.
2026-04-27 01:39:41,888 - freqtrade.resolvers.strategy_resolver - INFO - Override strategy 'max_open_trades' with value from the configuration: 1.
2026-04-27 01:39:41,889 - freqtrade.resolvers.strategy_resolver - INFO - Strategy using minimal_roi: {'0': 0.05}
2026-04-27 01:39:41,889 - freqtrade.resolvers.strategy_resolver - INFO - Strategy using timeframe: 1m
2026-04-27 01:39:41,890 - freqtrade.resolvers.strategy_resolver - INFO - Strategy using stoploss: -0.02
2026-04-27 01:39:41,890 - freqtrade.resolvers.strategy_resolver - INFO - Strategy using trailing_stop: False
2026-04-27 01:39:41,891 - freqtrade.resolvers.strategy_resolver - INFO - Strategy using trailing_stop_positive: 0.001
2026-04-27 01:39:41,891 - freqtrade.resolvers.strategy_resolver - INFO - Strategy using trailing_stop_positive_offset: 0.002
2026-04-27 01:39:41,892 - freqtrade.resolvers.strategy_resolver - INFO - Strategy using trailing_only_offset_is_reached: True
2026-04-27 01:39:41,892 - freqtrade.resolvers.strategy_resolver - INFO - Strategy using use_custom_stoploss: False
2026-04-27 01:39:41,893 - freqtrade.resolvers.strategy_resolver - INFO - Strategy using process_only_new_candles: True
2026-04-27 01:39:41,893 - freqtrade.resolvers.strategy_resolver - INFO - Strategy using order_types: {'entry': 'limit', 'exit': 'limit', 'stoploss': 'market', 'stoploss_on_exchange': True}
2026-04-27 01:39:41,894 - freqtrade.resolvers.strategy_resolver - INFO - Strategy using order_time_in_force: {'entry': 'GTC', 'exit': 'GTC'}
2026-04-27 01:39:41,894 - freqtrade.resolvers.strategy_resolver - INFO - Strategy using stake_currency: USDT
2026-04-27 01:39:41,895 - freqtrade.resolvers.strategy_resolver - INFO - Strategy using stake_amount: unlimited
2026-04-27 01:39:41,895 - freqtrade.resolvers.strategy_resolver - INFO - Strategy using startup_candle_count: 200
2026-04-27 01:39:41,896 - freqtrade.resolvers.strategy_resolver - INFO - Strategy using unfilledtimeout: {'entry': 10, 'exit': 10, 'exit_timeout_count': 0, 'unit': 'minutes'}
2026-04-27 01:39:41,896 - freqtrade.resolvers.strategy_resolver - INFO - Strategy using use_exit_signal: True
2026-04-27 01:39:41,896 - freqtrade.resolvers.strategy_resolver - INFO - Strategy using exit_profit_only: False
2026-04-27 01:39:41,897 - freqtrade.resolvers.strategy_resolver - INFO - Strategy using ignore_roi_if_entry_signal: False
2026-04-27 01:39:41,897 - freqtrade.resolvers.strategy_resolver - INFO - Strategy using exit_profit_offset: 0.0
2026-04-27 01:39:41,898 - freqtrade.resolvers.strategy_resolver - INFO - Strategy using disable_dataframe_checks: False
2026-04-27 01:39:41,898 - freqtrade.resolvers.strategy_resolver - INFO - Strategy using ignore_buying_expired_candle_after: 0
2026-04-27 01:39:41,899 - freqtrade.resolvers.strategy_resolver - INFO - Strategy using position_adjustment_enable: False
2026-04-27 01:39:41,899 - freqtrade.resolvers.strategy_resolver - INFO - Strategy using max_entry_position_adjustment: -1
2026-04-27 01:39:41,900 - freqtrade.resolvers.strategy_resolver - INFO - Strategy using max_open_trades: 1
2026-04-27 01:39:41,900 - freqtrade.configuration.config_validation - INFO - Validating configuration ...
2026-04-27 01:39:42,142 - freqtrade.wallets - INFO - Wallets synced.
2026-04-27 01:39:42,726 - freqtrade.rpc.rpc_manager - INFO - Enabling rpc.api_server
2026-04-27 01:39:42,990 - freqtrade.rpc.api_server.webserver - INFO - Starting HTTP Server at 0.0.0.0:8080
2026-04-27 01:39:42,991 - freqtrade.rpc.api_server.webserver - INFO - Starting Local Rest Server.
2026-04-27 01:39:43,023 - uvicorn.error - INFO - Started server process [1]
2026-04-27 01:39:43,024 - uvicorn.error - INFO - Waiting for application startup.
2026-04-27 01:39:43,024 - uvicorn.error - INFO - Application startup complete.
2026-04-27 01:39:43,025 - uvicorn.error - INFO - Uvicorn running on http://0.0.0.0:8080 (Press CTRL+C to quit)
2026-04-27 01:39:43,032 - freqtrade.resolvers.iresolver - INFO - Using resolved pairlist StaticPairList from '/freqtrade/freqtrade/plugins/pairlist/StaticPairList.py'...
2026-04-27 01:39:43,032 - freqtrade.freqtradebot - INFO - Starting initial pairlist refresh
2026-04-27 01:39:43,037 - freqtrade.plugins.pairlistmanager - INFO - Whitelist with 1 pairs: ['XRP/USDT:USDT']
2026-04-27 01:39:43,038 - freqtrade.freqtradebot - INFO - Initial Pairlist refresh took 0.00s
2026-04-27 01:39:43,039 - freqtrade.plugins.protectionmanager - INFO - No protection Handlers defined.
2026-04-27 01:39:43,040 - freqtrade.rpc.rpc_manager - INFO - Sending rpc message: {'type': status, 'status': 'running'}
2026-04-27 01:39:43,040 - freqtrade.worker - INFO - Changing state to: RUNNING
2026-04-27 01:39:43,060 - freqtrade.rpc.rpc_manager - INFO - Sending rpc message: {'type': warning, 'status': 'Dry run is enabled. All trades are simulated.'}
2026-04-27 01:39:43,061 - freqtrade.rpc.rpc_manager - INFO - Sending rpc message: {'type': startup, 'status': "*Exchange:* `bybit`\n*Stake per trade:* `unlimited USDT`\n*Minimum ROI:* `{'0': 0.05}`\n*Stoploss:* `-0.02`\n*Position adjustment:* `Off`\n*Timeframe:* `1m`\n*Strategy:* `MultiFilterStrategy`"}
2026-04-27 01:39:43,063 - freqtrade.rpc.rpc_manager - INFO - Sending rpc message: {'type': startup, 'status': "Searching for USDT pairs to buy and sell based on [{'StaticPairList': 'StaticPairList'}]"}
2026-04-27 01:39:48,068 - freqtrade.worker - INFO - Bot heartbeat. PID=1, version='2026.3', state='RUNNING'
2026-04-27 01:40:50,762 - freqtrade.worker - INFO - Bot heartbeat. PID=1, version='2026.3', state='RUNNING'
2026-04-27 01:41:53,736 - freqtrade.worker - INFO - Bot heartbeat. PID=1, version='2026.3', state='RUNNING'
2026-04-27 01:42:54,384 - freqtrade.worker - INFO - Bot heartbeat. PID=1, version='2026.3', state='RUNNING'
2026-04-27 01:43:59,384 - freqtrade.worker - INFO - Bot heartbeat. PID=1, version='2026.3', state='RUNNING'
2026-04-27 01:44:59,510 - freqtrade.worker - INFO - Bot heartbeat. PID=1, version='2026.3', state='RUNNING'
2026-04-27 01:46:01,005 - freqtrade.worker - INFO - Bot heartbeat. PID=1, version='2026.3', state='RUNNING'
2026-04-27 01:46:56,367 - freqtrade.exchange.exchange_ws - ERROR - Exception in continuously_async_watch_ohlcv for XRP/USDT:USDT, 5m
Traceback (most recent call last):
  File "/freqtrade/freqtrade/exchange/exchange_ws.py", line 176, in _continuously_async_watch_ohlcv
    data = await self._ccxt_object.watch_ohlcv(pair, timeframe)
           ^^^^^^^^^^^^^^^^^^^^^^^^^^^^^^^^^^^^^^^^^^^^^^^^^^^^
  File "/home/ftuser/.local/lib/python3.13/site-packages/ccxt/pro/bybit.py", line 657, in watch_ohlcv
    result = await self.watch_ohlcv_for_symbols([[symbol, timeframe]], since, limit, params)
             ^^^^^^^^^^^^^^^^^^^^^^^^^^^^^^^^^^^^^^^^^^^^^^^^^^^^^^^^^^^^^^^^^^^^^^^^^^^^^^^
  File "/home/ftuser/.local/lib/python3.13/site-packages/ccxt/pro/bybit.py", line 689, in watch_ohlcv_for_symbols
    symbol, timeframe, stored = await self.watch_topics(url, messageHashes, rawHashes, params)
                                ^^^^^^^^^^^^^^^^^^^^^^^^^^^^^^^^^^^^^^^^^^^^^^^^^^^^^^^^^^^^^^
  File "/home/ftuser/.local/lib/python3.13/site-packages/ccxt/pro/bybit.py", line 2156, in watch_topics
    return await self.watch_multiple(url, messageHashes, message, messageHashes)
           ^^^^^^^^^^^^^^^^^^^^^^^^^^^^^^^^^^^^^^^^^^^^^^^^^^^^^^^^^^^^^^^^^^^^^
ccxt.base.errors.NetworkError: Connection closed by remote server, closing code 1006
2026-04-27 01:46:56,406 - freqtrade.exchange.exchange_ws - ERROR - Exception in continuously_async_watch_ohlcv for XRP/USDT:USDT, 1m
Traceback (most recent call last):
  File "/freqtrade/freqtrade/exchange/exchange_ws.py", line 176, in _continuously_async_watch_ohlcv
    data = await self._ccxt_object.watch_ohlcv(pair, timeframe)
           ^^^^^^^^^^^^^^^^^^^^^^^^^^^^^^^^^^^^^^^^^^^^^^^^^^^^
  File "/home/ftuser/.local/lib/python3.13/site-packages/ccxt/pro/bybit.py", line 657, in watch_ohlcv
    result = await self.watch_ohlcv_for_symbols([[symbol, timeframe]], since, limit, params)
             ^^^^^^^^^^^^^^^^^^^^^^^^^^^^^^^^^^^^^^^^^^^^^^^^^^^^^^^^^^^^^^^^^^^^^^^^^^^^^^^
  File "/home/ftuser/.local/lib/python3.13/site-packages/ccxt/pro/bybit.py", line 689, in watch_ohlcv_for_symbols
    symbol, timeframe, stored = await self.watch_topics(url, messageHashes, rawHashes, params)
                                ^^^^^^^^^^^^^^^^^^^^^^^^^^^^^^^^^^^^^^^^^^^^^^^^^^^^^^^^^^^^^^
  File "/home/ftuser/.local/lib/python3.13/site-packages/ccxt/pro/bybit.py", line 2156, in watch_topics
    return await self.watch_multiple(url, messageHashes, message, messageHashes)
           ^^^^^^^^^^^^^^^^^^^^^^^^^^^^^^^^^^^^^^^^^^^^^^^^^^^^^^^^^^^^^^^^^^^^^
ccxt.base.errors.NetworkError: Connection closed by remote server, closing code 1006
2026-04-27 01:46:56,410 - freqtrade.exchange.exchange_ws - INFO - XRP/USDT:USDT, 5m, futures - Task finished - done
2026-04-27 01:46:56,411 - freqtrade.exchange.exchange_ws - INFO - XRP/USDT:USDT, 1m, futures - Task finished - done
2026-04-27 01:47:01,031 - freqtrade.worker - INFO - Bot heartbeat. PID=1, version='2026.3', state='RUNNING'
2026-04-27 01:47:01,047 - freqtrade.exchange.exchange - INFO - Couldn't reuse watch for XRP/USDT:USDT, 1m, falling back to REST api. False, 1777254420000, 0, 2026-04-27T01:47:00, 1970-01-01T00:00:00 
2026-04-27 01:48:06,038 - freqtrade.worker - INFO - Bot heartbeat. PID=1, version='2026.3', state='RUNNING'
